[2023-07-01T19:13:02 UTC][INFO tiny_ebnf_grammar_parser::params]  🚀 starting program...
[2023-07-01T19:17:20 UTC][INFO tiny_ebnf_grammar_parser::params]  🚀 starting program...
[2023-07-01T19:19:39 UTC][INFO tiny_ebnf_grammar_parser::params]  🚀 starting program...
[2023-07-01T19:22:41 UTC][INFO tiny_ebnf_grammar_parser::params]  🚀 starting program...
[2023-07-01T19:22:58 UTC][INFO tiny_ebnf_grammar_parser::params]  🚀 starting program...
[2023-07-01T19:23:53 UTC][INFO tiny_ebnf_grammar_parser::params]  🚀 starting program...
[2023-07-01T19:24:29 UTC][INFO tiny_ebnf_grammar_parser::params]  🚀 starting program...
[2023-07-01T19:24:46 UTC][INFO tiny_ebnf_grammar_parser::params]  🚀 starting program...
[2023-07-01T19:25:23 UTC][INFO tiny_ebnf_grammar_parser::params]  🚀 starting program...
[2023-07-01T19:25:23 UTC][INFO tiny_ebnf_grammar_parser::syntax_parsing] Input file: res
[2023-07-01T19:30:53 UTC][INFO tiny_ebnf_grammar_parser::params]  🚀 starting program...
[2023-07-01T19:30:53 UTC][INFO tiny_ebnf_grammar_parser::syntax_parsing] Input file: res
[2023-07-01T19:37:45 UTC][INFO tiny_ebnf_grammar_parser::params]  🚀 starting program...
[2023-07-01T19:37:45 UTC][INFO tiny_ebnf_grammar_parser::syntax_parsing] Input file: res/cpp
[2023-07-01T19:37:45 UTC][INFO tiny_ebnf_grammar_parser::syntax_parsing] Input file: res/invalid
[2023-07-01T19:37:45 UTC][INFO tiny_ebnf_grammar_parser::syntax_parsing] Input file: res/valid
[2023-07-01T19:37:45 UTC][INFO tiny_ebnf_grammar_parser::syntax_parsing] Input file: res/c
[2023-07-01T19:42:44 UTC][INFO tiny_ebnf_grammar_parser::params]  🚀 starting program...
[2023-07-01T19:47:09 UTC][INFO tiny_ebnf_grammar_parser::params]  🚀 starting program...
[2023-07-01T19:47:09 UTC][INFO tiny_ebnf_grammar_parser::syntax_parsing] Input file: res/invalid/invalid_program_a.ctiny
[2023-07-01T19:47:09 UTC][INFO tiny_ebnf_grammar_parser::syntax_parsing] Input file: res/invalid/invalid_program_c.ctiny
[2023-07-01T19:47:09 UTC][INFO tiny_ebnf_grammar_parser::syntax_parsing] Input file: res/invalid/invalid_program_d.ctiny
[2023-07-01T19:47:09 UTC][INFO tiny_ebnf_grammar_parser::syntax_parsing] Input file: res/invalid/invalid_program_b.ctiny
[2023-07-01T19:47:09 UTC][INFO tiny_ebnf_grammar_parser::syntax_parsing] Input file: res/valid/valid_program_c.ctiny
[2023-07-01T19:47:09 UTC][INFO tiny_ebnf_grammar_parser::syntax_parsing] Input file: res/valid/valid_program_a.ctiny
[2023-07-01T19:47:09 UTC][INFO tiny_ebnf_grammar_parser::syntax_parsing] Input file: res/valid/valid_program_d.ctiny
[2023-07-01T19:47:09 UTC][INFO tiny_ebnf_grammar_parser::syntax_parsing] Input file: res/valid/valid_program_b.ctiny
[2023-07-01T19:47:48 UTC][INFO tiny_ebnf_grammar_parser::params]  🚀 starting program...
[2023-07-01T19:47:48 UTC][INFO tiny_ebnf_grammar_parser::syntax_parsing] Input file: res/invalid/invalid_program_d.ctiny
[2023-07-01T19:48:11 UTC][INFO tiny_ebnf_grammar_parser::params]  🚀 starting program...
[2023-07-01T19:48:11 UTC][INFO tiny_ebnf_grammar_parser::syntax_parsing] Input file: res/invalid/invalid_program_a.ctiny
[2023-07-01T19:48:11 UTC][INFO tiny_ebnf_grammar_parser::syntax_parsing] Input file: res/invalid/invalid_program_c.ctiny
[2023-07-01T19:48:11 UTC][INFO tiny_ebnf_grammar_parser::syntax_parsing] Input file: res/invalid/invalid_program_d.ctiny
[2023-07-01T19:48:11 UTC][INFO tiny_ebnf_grammar_parser::syntax_parsing] Input file: res/invalid/invalid_program_b.ctiny
